
2026-05-29 11:06:35 - 第二次尝试
2026-05-29 11:31:00 - 测试推送试
2026-05-29 21:32:19 - 解良源 尝试

# 签到记录
2026-05-28 21:51:03 - 今天累坏了
1112026-05-29 19:47:50 - 签到
2026-05-29 22:11:50 - 闪现一波
2026-05-29 19:20:23 - 今天Java上机课
2026-05-29 20:49:51 - 我又来了
2026-05-29 21:07:53 - 又签到了

2026-05-29 23:43:35 - 闪现*2
2026-05-28 23:11:48 - 第一次签到
2026-05-29 21:38:03 - 添砖java
111
2026-05-29 19:20:23 - 今天Java上机课
2026-05-29 20:49:51 - 我又来了
2026-05-29 21:07:53 - 又签到了
upstream/master
222
2026-05-29 22:40:27 - 重置后最终测试-2026-05-29
2026-05-29 22:54:38 - 示例测试-05-29
2026-05-30 09:20:10 - 你喝过百事可乐吗
2026-05-31 16:57:41 - 今天完成了XXX
2026-05-31 17:00:22 - 今天完成了XXX
